<?xml version="1.0" encoding="UTF-8"?>
<testsuite name="com.hm.demo.HmJavaCodeAnalyserDemoApplicationTests" tests="1" skipped="0" failures="0" errors="0" timestamp="2020-04-25T09:50:44" hostname="MOHAMEDs-MacBook-Pro.local" time="0.922">
  <properties/>
  <testcase name="contextLoads()" classname="com.hm.demo.HmJavaCodeAnalyserDemoApplicationTests" time="0.922"/>
  <system-out><![CDATA[15:20:37.550 [Test worker] DEBUG org.springframework.test.context.BootstrapUtils - Instantiating CacheAwareContextLoaderDelegate from class [org.springframework.test.context.cache.DefaultCacheAwareContextLoaderDelegate]
15:20:37.626 [Test worker] DEBUG org.springframework.test.context.BootstrapUtils - Instantiating BootstrapContext using constructor [public org.springframework.test.context.support.DefaultBootstrapContext(java.lang.Class,org.springframework.test.context.CacheAwareContextLoaderDelegate)]
15:20:37.751 [Test worker] DEBUG org.springframework.test.context.BootstrapUtils - Instantiating TestContextBootstrapper for test class [com.hm.demo.HmJavaCodeAnalyserDemoApplicationTests] from class [org.springframework.boot.test.context.SpringBootTestContextBootstrapper]
15:20:37.848 [Test worker] INFO org.springframework.boot.test.context.SpringBootTestContextBootstrapper - Neither @ContextConfiguration nor @ContextHierarchy found for test class [com.hm.demo.HmJavaCodeAnalyserDemoApplicationTests], using SpringBootContextLoader
15:20:37.882 [Test worker] DEBUG org.springframework.test.context.support.AbstractContextLoader - Did not detect default resource location for test class [com.hm.demo.HmJavaCodeAnalyserDemoApplicationTests]: class path resource [com/hm/demo/HmJavaCodeAnalyserDemoApplicationTests-context.xml] does not exist
15:20:37.897 [Test worker] DEBUG org.springframework.test.context.support.AbstractContextLoader - Did not detect default resource location for test class [com.hm.demo.HmJavaCodeAnalyserDemoApplicationTests]: class path resource [com/hm/demo/HmJavaCodeAnalyserDemoApplicationTestsContext.groovy] does not exist
15:20:37.898 [Test worker] INFO org.springframework.test.context.support.AbstractContextLoader - Could not detect default resource locations for test class [com.hm.demo.HmJavaCodeAnalyserDemoApplicationTests]: no resource found for suffixes {-context.xml, Context.groovy}.
15:20:37.899 [Test worker] INFO org.springframework.test.context.support.AnnotationConfigContextLoaderUtils - Could not detect default configuration classes for test class [com.hm.demo.HmJavaCodeAnalyserDemoApplicationTests]: HmJavaCodeAnalyserDemoApplicationTests does not declare any static, non-private, non-final, nested classes annotated with @Configuration.
15:20:38.085 [Test worker] DEBUG org.springframework.test.context.support.ActiveProfilesUtils - Could not find an 'annotation declaring class' for annotation type [org.springframework.test.context.ActiveProfiles] and class [com.hm.demo.HmJavaCodeAnalyserDemoApplicationTests]
15:20:38.266 [Test worker] DEBUG org.springframework.context.annotation.ClassPathScanningCandidateComponentProvider - Identified candidate component class: file [/Users/mohamedhafeez/Documents/workspace-sts-3.9.10.RELEASE/hm-java-code-analyser-demo/build/classes/java/main/com/hm/demo/HmJavaCodeAnalyserDemoApplication.class]
15:20:38.267 [Test worker] INFO org.springframework.boot.test.context.SpringBootTestContextBootstrapper - Found @SpringBootConfiguration com.hm.demo.HmJavaCodeAnalyserDemoApplication for test class com.hm.demo.HmJavaCodeAnalyserDemoApplicationTests
15:20:38.552 [Test worker] DEBUG org.springframework.boot.test.context.SpringBootTestContextBootstrapper - @TestExecutionListeners is not present for class [com.hm.demo.HmJavaCodeAnalyserDemoApplicationTests]: using defaults.
15:20:38.553 [Test worker] INFO org.springframework.boot.test.context.SpringBootTestContextBootstrapper - Loaded default TestExecutionListener class names from location [META-INF/spring.factories]: [org.springframework.boot.test.autoconfigure.restdocs.RestDocsTestExecutionListener, org.springframework.boot.test.autoconfigure.web.client.MockRestServiceServerResetTestExecutionListener, org.springframework.boot.test.autoconfigure.web.servlet.MockMvcPrintOnlyOnFailureTestExecutionListener, org.springframework.boot.test.autoconfigure.web.servlet.WebDriverTestExecutionListener, org.springframework.boot.test.mock.mockito.MockitoTestExecutionListener, org.springframework.boot.test.mock.mockito.ResetMocksTestExecutionListener, org.springframework.test.context.web.ServletTestExecutionListener, org.springframework.test.context.support.DirtiesContextBeforeModesTestExecutionListener, org.springframework.test.context.support.DependencyInjectionTestExecutionListener, org.springframework.test.context.support.DirtiesContextTestExecutionListener, org.springframework.test.context.transaction.TransactionalTestExecutionListener, org.springframework.test.context.jdbc.SqlScriptsTestExecutionListener, org.springframework.test.context.event.EventPublishingTestExecutionListener]
15:20:38.571 [Test worker] DEBUG org.springframework.boot.test.context.SpringBootTestContextBootstrapper - Skipping candidate TestExecutionListener [org.springframework.test.context.web.ServletTestExecutionListener] due to a missing dependency. Specify custom listener classes or make the default listener classes and their required dependencies available. Offending class: [javax/servlet/ServletContext]
15:20:38.573 [Test worker] DEBUG org.springframework.boot.test.context.SpringBootTestContextBootstrapper - Skipping candidate TestExecutionListener [org.springframework.test.context.transaction.TransactionalTestExecutionListener] due to a missing dependency. Specify custom listener classes or make the default listener classes and their required dependencies available. Offending class: [org/springframework/transaction/interceptor/TransactionAttributeSource]
15:20:38.575 [Test worker] DEBUG org.springframework.boot.test.context.SpringBootTestContextBootstrapper - Skipping candidate TestExecutionListener [org.springframework.test.context.jdbc.SqlScriptsTestExecutionListener] due to a missing dependency. Specify custom listener classes or make the default listener classes and their required dependencies available. Offending class: [org/springframework/transaction/interceptor/TransactionAttribute]
15:20:38.576 [Test worker] INFO org.springframework.boot.test.context.SpringBootTestContextBootstrapper - Using TestExecutionListeners: [org.springframework.test.context.support.DirtiesContextBeforeModesTestExecutionListener@56a2c392, org.springframework.boot.test.mock.mockito.MockitoTestExecutionListener@4d2e21f6, org.springframework.boot.test.autoconfigure.SpringBootDependencyInjectionTestExecutionListener@35078b5b, org.springframework.test.context.support.DirtiesContextTestExecutionListener@4316ea5e, org.springframework.test.context.event.EventPublishingTestExecutionListener@3681ffd, org.springframework.boot.test.autoconfigure.restdocs.RestDocsTestExecutionListener@3f75aff7, org.springframework.boot.test.autoconfigure.web.client.MockRestServiceServerResetTestExecutionListener@3621a611, org.springframework.boot.test.autoconfigure.web.servlet.MockMvcPrintOnlyOnFailureTestExecutionListener@4211fe91, org.springframework.boot.test.autoconfigure.web.servlet.WebDriverTestExecutionListener@1c596d9, org.springframework.boot.test.mock.mockito.ResetMocksTestExecutionListener@135d8b01]
15:20:38.583 [Test worker] DEBUG org.springframework.test.context.support.AbstractDirtiesContextTestExecutionListener - Before test class: context [DefaultTestContext@2be2f1ed testClass = HmJavaCodeAnalyserDemoApplicationTests, testInstance = [null], testMethod = [null], testException = [null], mergedContextConfiguration = [MergedContextConfiguration@4f533fdc testClass = HmJavaCodeAnalyserDemoApplicationTests, locations = '{}', classes = '{class com.hm.demo.HmJavaCodeAnalyserDemoApplication}', contextInitializerClasses = '[]', activeProfiles = '{}', propertySourceLocations = '{}', propertySourceProperties = '{org.springframework.boot.test.context.SpringBootTestContextBootstrapper=true}', contextCustomizers = set[org.springframework.boot.test.autoconfigure.properties.PropertyMappingContextCustomizer@0, org.springframework.boot.test.autoconfigure.web.servlet.WebDriverContextCustomizerFactory$Customizer@20e993d8, org.springframework.boot.test.context.filter.ExcludeFilterContextCustomizer@5fb6132e, org.springframework.boot.test.json.DuplicateJsonObjectContextCustomizerFactory$DuplicateJsonObjectContextCustomizer@7e4cf3b0, org.springframework.boot.test.mock.mockito.MockitoContextCustomizer@0, org.springframework.boot.test.web.client.TestRestTemplateContextCustomizer@455e7bdd], contextLoader = 'org.springframework.boot.test.context.SpringBootContextLoader', parent = [null]], attributes = map[[empty]]], class annotated with @DirtiesContext [false] with mode [null].
15:20:38.601 [Test worker] DEBUG org.springframework.test.context.support.DependencyInjectionTestExecutionListener - Performing dependency injection for test context [[DefaultTestContext@2be2f1ed testClass = HmJavaCodeAnalyserDemoApplicationTests, testInstance = com.hm.demo.HmJavaCodeAnalyserDemoApplicationTests@475f36bb, testMethod = [null], testException = [null], mergedContextConfiguration = [MergedContextConfiguration@4f533fdc testClass = HmJavaCodeAnalyserDemoApplicationTests, locations = '{}', classes = '{class com.hm.demo.HmJavaCodeAnalyserDemoApplication}', contextInitializerClasses = '[]', activeProfiles = '{}', propertySourceLocations = '{}', propertySourceProperties = '{org.springframework.boot.test.context.SpringBootTestContextBootstrapper=true}', contextCustomizers = set[org.springframework.boot.test.autoconfigure.properties.PropertyMappingContextCustomizer@0, org.springframework.boot.test.autoconfigure.web.servlet.WebDriverContextCustomizerFactory$Customizer@20e993d8, org.springframework.boot.test.context.filter.ExcludeFilterContextCustomizer@5fb6132e, org.springframework.boot.test.json.DuplicateJsonObjectContextCustomizerFactory$DuplicateJsonObjectContextCustomizer@7e4cf3b0, org.springframework.boot.test.mock.mockito.MockitoContextCustomizer@0, org.springframework.boot.test.web.client.TestRestTemplateContextCustomizer@455e7bdd], contextLoader = 'org.springframework.boot.test.context.SpringBootContextLoader', parent = [null]], attributes = map[[empty]]]].
15:20:38.682 [Test worker] DEBUG org.springframework.test.context.support.TestPropertySourceUtils - Adding inlined properties to environment: {spring.jmx.enabled=false, org.springframework.boot.test.context.SpringBootTestContextBootstrapper=true, server.port=-1}

  .   ____          _            __ _ _
 /\\ / ___'_ __ _ _(_)_ __  __ _ \ \ \ \
( ( )\___ | '_ | '_| | '_ \/ _` | \ \ \ \
 \\/  ___)| |_)| | | | | || (_| |  ) ) ) )
  '  |____| .__|_| |_|_| |_\__, | / / / /
 =========|_|==============|___/=/_/_/_/
 :: Spring Boot ::        (v2.2.6.RELEASE)

2020-04-25 15:20:44.103  INFO 5220 --- [    Test worker] d.HmJavaCodeAnalyserDemoApplicationTests : Starting HmJavaCodeAnalyserDemoApplicationTests on MOHAMEDs-MacBook-Pro.local with PID 5220 (started by mohamedhafeez in /Users/mohamedhafeez/Documents/workspace-sts-3.9.10.RELEASE/hm-java-code-analyser-demo)
2020-04-25 15:20:44.105  INFO 5220 --- [    Test worker] d.HmJavaCodeAnalyserDemoApplicationTests : No active profile set, falling back to default profiles: default
2020-04-25 15:20:44.932  INFO 5220 --- [    Test worker] d.HmJavaCodeAnalyserDemoApplicationTests : Started HmJavaCodeAnalyserDemoApplicationTests in 6.236 seconds (JVM running for 10.115)
]]></system-out>
  <system-err><![CDATA[]]></system-err>
</testsuite>
